<?xml version='1.0'?>
<ns2:test-suite xmlns:ns2='urn:model.allure.qatools.yandex.ru' start='1611938657386' stop='1611938657430'>
    <name>Phone Fixture</name>
    <title>Phone Fixture</title>
    <test-cases>
        <test-case start='1611938657386' status='failed' stop='1611938663458'>
            <name>Assert Login Page Test</name>
            <title>Assert Login Page Test</title>
            <labels>
                <label name='severity' value='undefined'/>
            </labels>
            <parameters>
                <parameter kind='argument' name='User Agent' value='Chrome 88.0.4324.96 / macOS 10.15.7'/>
            </parameters>
            <steps/>
            <attachments/>
            <failure>
                <message>AssertionError: expected 'https://ui-integration.scorpion.co/sign-in?redirect_uri=%2Fphone' to deeply equal 'https://ui-integration.scorpion.co/phone'</message>
                <stack-trace>AssertionError: expected 'https://ui-integration.scorpion.co/sign-in?redirect_uri=%2Fphone' to deeply equal 'https://ui-integration.scorpion.co/phone'
                
                + expected - actual
                
                -'https://ui-integration.scorpion.co/sign-in?redirect_uri=%2Fphone'
                +'https://ui-integration.scorpion.co/phone'
                
                
                Browser: Chrome 88.0.4324.96 / macOS 10.15.7
                
                    8 |fixture('Phone Fixture')
                    9 |    .page(URL);
                   10 |
                   11 |test('Assert Login Page Test', async t =>{
                   12 |    await t
                 > 13 |    .expect(getURL()).eql(URL)
                   14 |    .expect(phonepage.subtitleHeader.exists).ok();
                   15 |});
                   16 |
                   17 |test('Phone page Test', async t =>{
                   18 |    await t
                
                   at &lt;anonymous> (/Users/mehrdad.hassani/Documents/Source/TestCafe_Scorpion_Stuff/test/PhoneTest.js:13:23)
                   at asyncGeneratorStep (/Users/mehrdad.hassani/Documents/Source/TestCafe_Scorpion_Stuff/test/PhoneTest.js:3:265)
                   at _next (/Users/mehrdad.hassani/Documents/Source/TestCafe_Scorpion_Stuff/test/PhoneTest.js:3:603)
                   at &lt;anonymous> (/Users/mehrdad.hassani/Documents/Source/TestCafe_Scorpion_Stuff/test/PhoneTest.js:3:768)
                   at &lt;anonymous> (/Users/mehrdad.hassani/Documents/Source/TestCafe_Scorpion_Stuff/test/PhoneTest.js:3:509)
                   at &lt;anonymous> (/Users/mehrdad.hassani/Documents/Source/TestCafe_Scorpion_Stuff/test/PhoneTest.js:11:5)</stack-trace>
            </failure>
        </test-case>
    </test-cases>
</ns2:test-suite>